<?xml version="1.0" encoding="UTF-8"?>
<!-- Generated by org.testng.reporters.JUnitXMLReporter -->
<testsuite hostname="Microsoft-PC" ignored="2" tests="0" failures="0" timestamp="2022-06-03T01:19:02 IST" time="0.005" errors="0">
  <testcase name="TestMethod2" time="0.0" classname="com.tcs.tests.AnnotationTest2">
    <ignored/>
  </testcase> <!-- TestMethod2 -->
  <testcase name="TestMethod1" time="0.0" classname="com.tcs.tests.AnnotationTest2">
    <ignored/>
  </testcase> <!-- TestMethod1 -->
</testsuite>
