<?xml version="1.0" encoding="UTF-8"?>
<!-- Generated by org.testng.reporters.JUnitXMLReporter -->
<testsuite hostname="Microsoft-PC" ignored="1" name="tesetngdemoxml2" tests="1" failures="0" timestamp="2022-06-05T19:31:43 IST" time="0.013" errors="0">
  <testcase name="testMethod2" time="0.003" classname="com.tcs.tests.AnnotationTest2"/>
  <testcase name="testMethod1" time="0.0" classname="com.tcs.tests.AnnotationTest2">
    <ignored/>
  </testcase> <!-- testMethod1 -->
</testsuite> <!-- tesetngdemoxml2 -->
