<?xml version="1.0" encoding="UTF-8"?>
<!-- Generated by org.testng.reporters.JUnitXMLReporter -->
<testsuite hostname="Microsoft-PC" ignored="0" name="Default test" tests="4" failures="0" timestamp="2022-06-01T03:47:47 IST" time="103.392" errors="0">
  <testcase name="a" time="0.356" classname="com.tcs.tests.SearchTestUsingTestNG"/>
  <testcase name="bb" time="0.024" classname="com.tcs.tests.SearchTestUsingTestNG"/>
  <testcase name="testOne" time="0.028" classname="com.tcs.tests.SearchTestUsingTestNG"/>
  <testcase name="testTwo" time="0.055" classname="com.tcs.tests.SearchTestUsingTestNG"/>
</testsuite> <!-- Default test -->
